This is pdfTeX, Version 3.141592653-2.6-1.40.25 (TeX Live 2023) (preloaded format=pdflatex 2023.8.15)  16 FEB 2026 13:35
entering extended mode
 restricted \write18 enabled.
 %&-line parsing enabled.
**build/latex/TutorialLLVMBackendCpu0.tex
(./build/latex/TutorialLLVMBackendCpu0.tex
LaTeX2e <2022-11-01> patch level 1
L3 programming layer <2023-02-22>

! LaTeX Error: File `sphinxmanual.cls' not found.

Type X to quit or <RETURN> to proceed,
or enter new name. (Default extension: cls)

Enter file name: 
! Emergency stop.
<read *> 
         
l.4 \ifdefined
              \pdfpxdimen^^M
*** (cannot \read from terminal in nonstop modes)

 
Here is how much of TeX's memory you used:
 25 strings out of 476025
 609 string characters out of 5790017
 1849388 words of memory out of 5000000
 20575 multiletter control sequences out of 15000+600000
 512287 words of font info for 32 fonts, out of 8000000 for 9000
 1141 hyphenation exceptions out of 8191
 19i,0n,29p,96b,17s stack positions out of 10000i,1000n,20000p,200000b,200000s
!  ==> Fatal error occurred, no output PDF file produced!
