input % ~/llvm/debug/build/bin/clang -target mips-unknown-linux-gnu -c ch3.cpp -emit-llvm -o ch3.bc
input % ~/llvm/test/build/bin/llc -march=cpu0 -relocation-model=pic -filetype=obj ch3.bc -o ch3.cpu0.o
input % ~/llvm/test/build/bin/llvm-objdump -d ch3.cpu0.o 

ch3.cpu0.o:	file format elf32-cpu0


Disassembly of section .text:

00000000 /* main:*/
0: OPC_ExtractField(24, 8): 9
3: OPC_FilterValue(0, 11): FAIL: continuing at 19
19: OPC_FilterValue(1, 4): FAIL: continuing at 28
28: OPC_FilterValue(2, 4): FAIL: continuing at 37
37: OPC_FilterValue(3, 9): FAIL: continuing at 51
51: OPC_FilterValue(4, 9): FAIL: continuing at 65
65: OPC_FilterValue(5, 9): FAIL: continuing at 79
79: OPC_FilterValue(6, 9): FAIL: continuing at 93
93: OPC_FilterValue(7, 9): FAIL: continuing at 107
107: OPC_FilterValue(8, 9): FAIL: continuing at 121
121: OPC_FilterValue(9, 4): PASS: continuing at 126
126: OPC_Decode: opcode 264, using decoder 2: PASS
       0: 09 dd ff f8  	addiu	$sp, $sp, -8
0: OPC_ExtractField(24, 8): 2
3: OPC_FilterValue(0, 11): FAIL: continuing at 19
19: OPC_FilterValue(1, 4): FAIL: continuing at 28
28: OPC_FilterValue(2, 4): PASS: continuing at 33
33: OPC_Decode: opcode 329, using decoder 1: PASS
       4: 02 cd 00 04  	st	$fp, 4($sp)
0: OPC_ExtractField(24, 8): 17
3: OPC_FilterValue(0, 11): FAIL: continuing at 19
19: OPC_FilterValue(1, 4): FAIL: continuing at 28
28: OPC_FilterValue(2, 4): FAIL: continuing at 37
37: OPC_FilterValue(3, 9): FAIL: continuing at 51
51: OPC_FilterValue(4, 9): FAIL: continuing at 65
65: OPC_FilterValue(5, 9): FAIL: continuing at 79
79: OPC_FilterValue(6, 9): FAIL: continuing at 93
93: OPC_FilterValue(7, 9): FAIL: continuing at 107
107: OPC_FilterValue(8, 9): FAIL: continuing at 121
121: OPC_FilterValue(9, 4): FAIL: continuing at 130
130: OPC_FilterValue(10, 16): FAIL: continuing at 151
151: OPC_FilterValue(11, 16): FAIL: continuing at 172
172: OPC_FilterValue(12, 9): FAIL: continuing at 186
186: OPC_FilterValue(13, 9): FAIL: continuing at 200
200: OPC_FilterValue(14, 9): FAIL: continuing at 214
214: OPC_FilterValue(15, 16): FAIL: continuing at 235
235: OPC_FilterValue(17, 11): PASS: continuing at 240
240: OPC_CheckField(0, 1, 0, 941): FieldValue = 0, ExpectedValue = 0: PASS
247: OPC_Decode: opcode 265, using decoder 6: PASS
       8: 11 cd 00 00  	move	$fp, $sp
0: OPC_ExtractField(24, 8): 9
3: OPC_FilterValue(0, 11): FAIL: continuing at 19
19: OPC_FilterValue(1, 4): FAIL: continuing at 28
28: OPC_FilterValue(2, 4): FAIL: continuing at 37
37: OPC_FilterValue(3, 9): FAIL: continuing at 51
51: OPC_FilterValue(4, 9): FAIL: continuing at 65
65: OPC_FilterValue(5, 9): FAIL: continuing at 79
79: OPC_FilterValue(6, 9): FAIL: continuing at 93
93: OPC_FilterValue(7, 9): FAIL: continuing at 107
107: OPC_FilterValue(8, 9): FAIL: continuing at 121
121: OPC_FilterValue(9, 4): PASS: continuing at 126
126: OPC_Decode: opcode 264, using decoder 2: PASS
       c: 09 20 00 00  	addiu	$2, $zero, 0
0: OPC_ExtractField(24, 8): 2
3: OPC_FilterValue(0, 11): FAIL: continuing at 19
19: OPC_FilterValue(1, 4): FAIL: continuing at 28
28: OPC_FilterValue(2, 4): PASS: continuing at 33
33: OPC_Decode: opcode 329, using decoder 1: PASS
      10: 02 2c 00 00  	st	$2, 0($fp)
0: OPC_ExtractField(24, 8): 17
3: OPC_FilterValue(0, 11): FAIL: continuing at 19
19: OPC_FilterValue(1, 4): FAIL: continuing at 28
28: OPC_FilterValue(2, 4): FAIL: continuing at 37
37: OPC_FilterValue(3, 9): FAIL: continuing at 51
51: OPC_FilterValue(4, 9): FAIL: continuing at 65
65: OPC_FilterValue(5, 9): FAIL: continuing at 79
79: OPC_FilterValue(6, 9): FAIL: continuing at 93
93: OPC_FilterValue(7, 9): FAIL: continuing at 107
107: OPC_FilterValue(8, 9): FAIL: continuing at 121
121: OPC_FilterValue(9, 4): FAIL: continuing at 130
130: OPC_FilterValue(10, 16): FAIL: continuing at 151
151: OPC_FilterValue(11, 16): FAIL: continuing at 172
172: OPC_FilterValue(12, 9): FAIL: continuing at 186
186: OPC_FilterValue(13, 9): FAIL: continuing at 200
200: OPC_FilterValue(14, 9): FAIL: continuing at 214
214: OPC_FilterValue(15, 16): FAIL: continuing at 235
235: OPC_FilterValue(17, 11): PASS: continuing at 240
240: OPC_CheckField(0, 1, 0, 941): FieldValue = 0, ExpectedValue = 0: PASS
247: OPC_Decode: opcode 265, using decoder 6: PASS
      14: 11 dc 00 00  	move	$sp, $fp
0: OPC_ExtractField(24, 8): 1
3: OPC_FilterValue(0, 11): FAIL: continuing at 19
19: OPC_FilterValue(1, 4): PASS: continuing at 24
24: OPC_Decode: opcode 289, using decoder 1: PASS
      18: 01 cd 00 04  	ld	$fp, 4($sp)
0: OPC_ExtractField(24, 8): 9
3: OPC_FilterValue(0, 11): FAIL: continuing at 19
19: OPC_FilterValue(1, 4): FAIL: continuing at 28
28: OPC_FilterValue(2, 4): FAIL: continuing at 37
37: OPC_FilterValue(3, 9): FAIL: continuing at 51
51: OPC_FilterValue(4, 9): FAIL: continuing at 65
65: OPC_FilterValue(5, 9): FAIL: continuing at 79
79: OPC_FilterValue(6, 9): FAIL: continuing at 93
93: OPC_FilterValue(7, 9): FAIL: continuing at 107
107: OPC_FilterValue(8, 9): FAIL: continuing at 121
121: OPC_FilterValue(9, 4): PASS: continuing at 126
126: OPC_Decode: opcode 264, using decoder 2: PASS
      1c: 09 dd 00 08  	addiu	$sp, $sp, 8
0: OPC_ExtractField(24, 8): 60
3: OPC_FilterValue(0, 11): FAIL: continuing at 19
19: OPC_FilterValue(1, 4): FAIL: continuing at 28
28: OPC_FilterValue(2, 4): FAIL: continuing at 37
37: OPC_FilterValue(3, 9): FAIL: continuing at 51
51: OPC_FilterValue(4, 9): FAIL: continuing at 65
65: OPC_FilterValue(5, 9): FAIL: continuing at 79
79: OPC_FilterValue(6, 9): FAIL: continuing at 93
93: OPC_FilterValue(7, 9): FAIL: continuing at 107
107: OPC_FilterValue(8, 9): FAIL: continuing at 121
121: OPC_FilterValue(9, 4): FAIL: continuing at 130
130: OPC_FilterValue(10, 16): FAIL: continuing at 151
151: OPC_FilterValue(11, 16): FAIL: continuing at 172
172: OPC_FilterValue(12, 9): FAIL: continuing at 186
186: OPC_FilterValue(13, 9): FAIL: continuing at 200
200: OPC_FilterValue(14, 9): FAIL: continuing at 214
214: OPC_FilterValue(15, 16): FAIL: continuing at 235
235: OPC_FilterValue(17, 11): FAIL: continuing at 251
251: OPC_FilterValue(18, 11): FAIL: continuing at 267
267: OPC_FilterValue(19, 11): FAIL: continuing at 283
283: OPC_FilterValue(20, 11): FAIL: continuing at 299
299: OPC_FilterValue(21, 16): FAIL: continuing at 320
320: OPC_FilterValue(22, 16): FAIL: continuing at 341
341: OPC_FilterValue(23, 16): FAIL: continuing at 362
362: OPC_FilterValue(24, 16): FAIL: continuing at 383
383: OPC_FilterValue(25, 16): FAIL: continuing at 404
404: OPC_FilterValue(26, 16): FAIL: continuing at 425
425: OPC_FilterValue(27, 16): FAIL: continuing at 446
446: OPC_FilterValue(28, 16): FAIL: continuing at 467
467: OPC_FilterValue(29, 16): FAIL: continuing at 488
488: OPC_FilterValue(30, 16): FAIL: continuing at 509
509: OPC_FilterValue(31, 16): FAIL: continuing at 530
530: OPC_FilterValue(32, 16): FAIL: continuing at 551
551: OPC_FilterValue(33, 16): FAIL: continuing at 572
572: OPC_FilterValue(34, 16): FAIL: continuing at 593
593: OPC_FilterValue(35, 16): FAIL: continuing at 614
614: OPC_FilterValue(36, 16): FAIL: continuing at 635
635: OPC_FilterValue(37, 16): FAIL: continuing at 656
656: OPC_FilterValue(38, 4): FAIL: continuing at 665
665: OPC_FilterValue(39, 4): FAIL: continuing at 674
674: OPC_FilterValue(40, 11): FAIL: continuing at 690
690: OPC_FilterValue(41, 11): FAIL: continuing at 706
706: OPC_FilterValue(42, 11): FAIL: continuing at 722
722: OPC_FilterValue(43, 11): FAIL: continuing at 738
738: OPC_FilterValue(48, 4): FAIL: continuing at 747
747: OPC_FilterValue(49, 4): FAIL: continuing at 756
756: OPC_FilterValue(50, 4): FAIL: continuing at 765
765: OPC_FilterValue(51, 4): FAIL: continuing at 774
774: OPC_FilterValue(52, 4): FAIL: continuing at 783
783: OPC_FilterValue(53, 4): FAIL: continuing at 792
792: OPC_FilterValue(54, 9): FAIL: continuing at 806
806: OPC_FilterValue(55, 4): FAIL: continuing at 815
815: OPC_FilterValue(56, 4): FAIL: continuing at 824
824: OPC_FilterValue(57, 23): FAIL: continuing at 852
852: OPC_FilterValue(58, 4): FAIL: continuing at 861
861: OPC_FilterValue(59, 9): FAIL: continuing at 875
875: OPC_FilterValue(60, 11): PASS: continuing at 880
880: OPC_CheckField(0, 1, 0, 301): FieldValue = 0, ExpectedValue = 0: PASS
887: OPC_Decode: opcode 285, using decoder 16: PASS
      20: 3c e0 00 00  	ret	$lr
0: OPC_ExtractField(24, 8): 0
3: OPC_FilterValue(0, 11): PASS: continuing at 8
8: OPC_CheckField(0, 1, 0, 1173): FieldValue = 0, ExpectedValue = 0: PASS
15: OPC_Decode: opcode 306, using decoder 0: PASS
      24: 00 00 00 00  	nop

